2016-04-25 00:09:53.698  INFO 5830 --- [main] ationConfigEmbeddedWebApplicationContext : Refreshing org.springframework.boot.context.embedded.AnnotationConfigEmbeddedWebApplicationContext@78a773fd: startup date [Mon Apr 25 00:09:53 PDT 2016]; parent: org.springframework.context.annotation.AnnotationConfigApplicationContext@6328d34a
2016-04-25 00:09:54.949  INFO 5830 --- [main] o.s.b.f.s.DefaultListableBeanFactory     : Overriding bean definition for bean 'beanNameViewResolver': replacing [Root bean: class [null]; scope=; abstract=false; lazyInit=false; autowireMode=3; dependencyCheck=0; autowireCandidate=true; primary=false; factoryBeanName=org.springframework.boot.autoconfigure.web.ErrorMvcAutoConfiguration$WhitelabelErrorViewConfiguration; factoryMethodName=beanNameViewResolver; initMethodName=null; destroyMethodName=(inferred); defined in class path resource [org/springframework/boot/autoconfigure/web/ErrorMvcAutoConfiguration$WhitelabelErrorViewConfiguration.class]] with [Root bean: class [null]; scope=; abstract=false; lazyInit=false; autowireMode=3; dependencyCheck=0; autowireCandidate=true; primary=false; factoryBeanName=org.springframework.boot.autoconfigure.web.WebMvcAutoConfiguration$WebMvcAutoConfigurationAdapter; factoryMethodName=beanNameViewResolver; initMethodName=null; destroyMethodName=(inferred); defined in class path resource [org/springframework/boot/autoconfigure/web/WebMvcAutoConfiguration$WebMvcAutoConfigurationAdapter.class]]
2016-04-25 00:09:55.147  INFO 5830 --- [main] o.s.b.f.s.DefaultListableBeanFactory     : Overriding bean definition for bean 'infoEndpoint': replacing [Root bean: class [null]; scope=; abstract=false; lazyInit=false; autowireMode=3; dependencyCheck=0; autowireCandidate=true; primary=false; factoryBeanName=org.springframework.boot.actuate.autoconfigure.EndpointAutoConfiguration; factoryMethodName=infoEndpoint; initMethodName=null; destroyMethodName=(inferred); defined in class path resource [org/springframework/boot/actuate/autoconfigure/EndpointAutoConfiguration.class]] with [Root bean: class [null]; scope=; abstract=false; lazyInit=false; autowireMode=3; dependencyCheck=0; autowireCandidate=true; primary=false; factoryBeanName=org.springframework.cloud.autoconfigure.RefreshAutoConfiguration$InfoEndpointRebinderConfiguration; factoryMethodName=infoEndpoint; initMethodName=null; destroyMethodName=(inferred); defined in class path resource [org/springframework/cloud/autoconfigure/RefreshAutoConfiguration$InfoEndpointRebinderConfiguration.class]]
2016-04-25 00:09:55.390  INFO 5830 --- [main] o.s.cloud.context.scope.GenericScope     : BeanFactory id=a4fbfdf3-01fc-38d8-9ced-4f60db55a7e7
2016-04-25 00:09:55.395  INFO 5830 --- [main] f.a.AutowiredAnnotationBeanPostProcessor : JSR-330 'javax.inject.Inject' annotation found and supported for autowiring
2016-04-25 00:09:55.417  INFO 5830 --- [main] trationDelegate$BeanPostProcessorChecker : Bean 'org.springframework.cloud.autoconfigure.RefreshAutoConfiguration$ConfigurationPropertiesRebinderConfiguration' of type [class org.springframework.cloud.autoconfigure.RefreshAutoConfiguration$ConfigurationPropertiesRebinderConfiguration$$EnhancerBySpringCGLIB$$41f9b611] is not eligible for getting processed by all BeanPostProcessors (for example: not eligible for auto-proxying)
2016-04-25 00:09:55.782  INFO 5830 --- [main] s.b.c.e.t.TomcatEmbeddedServletContainer : Tomcat initialized with port(s): 8761 (http)
2016-04-25 00:09:56.124  INFO 5830 --- [main] o.apache.catalina.core.StandardService   : Starting service Tomcat
2016-04-25 00:09:56.125  INFO 5830 --- [main] org.apache.catalina.core.StandardEngine  : Starting Servlet Engine: Apache Tomcat/8.0.23
2016-04-25 00:09:56.259  INFO 5830 --- [localhost-startStop-1] o.a.c.c.C.[Tomcat].[localhost].[/]       : Initializing Spring embedded WebApplicationContext
2016-04-25 00:09:56.260  INFO 5830 --- [localhost-startStop-1] o.s.web.context.ContextLoader            : Root WebApplicationContext: initialization completed in 2562 ms
2016-04-25 00:09:57.205  INFO 5830 --- [localhost-startStop-1] o.s.b.c.embedded.FilterRegistrationBean  : Mapping filter: 'metricFilter' to: [/*]
2016-04-25 00:09:57.206  INFO 5830 --- [localhost-startStop-1] o.s.b.c.embedded.FilterRegistrationBean  : Mapping filter: 'characterEncodingFilter' to: [/*]
2016-04-25 00:09:57.206  INFO 5830 --- [localhost-startStop-1] o.s.b.c.embedded.FilterRegistrationBean  : Mapping filter: 'hiddenHttpMethodFilter' to: [/*]
2016-04-25 00:09:57.206  INFO 5830 --- [localhost-startStop-1] o.s.b.c.embedded.FilterRegistrationBean  : Mapping filter: 'webRequestTraceFilter' to: [/*]
2016-04-25 00:09:57.207  INFO 5830 --- [localhost-startStop-1] o.s.b.c.embedded.FilterRegistrationBean  : Mapping filter: 'servletContainer' to urls: [/eureka/*]
2016-04-25 00:09:57.207  INFO 5830 --- [localhost-startStop-1] o.s.b.c.embedded.FilterRegistrationBean  : Mapping filter: 'applicationContextIdFilter' to: [/*]
2016-04-25 00:09:57.207  INFO 5830 --- [localhost-startStop-1] o.s.b.c.e.ServletRegistrationBean        : Mapping servlet: 'dispatcherServlet' to [/]
2016-04-25 00:09:57.334  INFO 5830 --- [localhost-startStop-1] c.s.j.s.i.a.WebApplicationImpl           : Initiating Jersey application, version 'Jersey: 1.13 06/29/2012 05:14 PM'
2016-04-25 00:09:57.987  WARN 5830 --- [main] c.n.c.sources.URLConfigurationSource     : No URLs will be polled as dynamic configuration sources.
2016-04-25 00:09:57.987  INFO 5830 --- [main] c.n.c.sources.URLConfigurationSource     : To enable URLs as dynamic configuration sources, define System property archaius.configurationSource.additionalUrls or make config.properties available on classpath.
2016-04-25 00:09:58.001  INFO 5830 --- [main] c.netflix.config.DynamicPropertyFactory  : DynamicPropertyFactory is initialized with configuration sources: com.netflix.config.ConcurrentCompositeConfiguration@34cf5a97
2016-04-25 00:09:58.840  INFO 5830 --- [main] s.w.s.m.m.a.RequestMappingHandlerAdapter : Looking for @ControllerAdvice: org.springframework.boot.context.embedded.AnnotationConfigEmbeddedWebApplicationContext@78a773fd: startup date [Mon Apr 25 00:09:53 PDT 2016]; parent: org.springframework.context.annotation.AnnotationConfigApplicationContext@6328d34a
2016-04-25 00:09:58.915  INFO 5830 --- [main] s.w.s.m.m.a.RequestMappingHandlerMapping : Mapped "{[/],methods=[GET],params=[],headers=[],consumes=[],produces=[],custom=[]}" onto public java.lang.String org.springframework.cloud.netflix.eureka.server.EurekaController.status(javax.servlet.http.HttpServletRequest,java.util.Map<java.lang.String, java.lang.Object>)
2016-04-25 00:09:58.916  INFO 5830 --- [main] s.w.s.m.m.a.RequestMappingHandlerMapping : Mapped "{[/lastn],methods=[GET],params=[],headers=[],consumes=[],produces=[],custom=[]}" onto public java.lang.String org.springframework.cloud.netflix.eureka.server.EurekaController.lastn(javax.servlet.http.HttpServletRequest,java.util.Map<java.lang.String, java.lang.Object>)
2016-04-25 00:09:58.917  INFO 5830 --- [main] s.w.s.m.m.a.RequestMappingHandlerMapping : Mapped "{[/error],methods=[],params=[],headers=[],consumes=[],produces=[],custom=[]}" onto public org.springframework.http.ResponseEntity<java.util.Map<java.lang.String, java.lang.Object>> org.springframework.boot.autoconfigure.web.BasicErrorController.error(javax.servlet.http.HttpServletRequest)
2016-04-25 00:09:58.917  INFO 5830 --- [main] s.w.s.m.m.a.RequestMappingHandlerMapping : Mapped "{[/error],methods=[],params=[],headers=[],consumes=[],produces=[text/html],custom=[]}" onto public org.springframework.web.servlet.ModelAndView org.springframework.boot.autoconfigure.web.BasicErrorController.errorHtml(javax.servlet.http.HttpServletRequest)
2016-04-25 00:09:58.946  INFO 5830 --- [main] o.s.w.s.handler.SimpleUrlHandlerMapping  : Mapped URL path [/webjars/**] onto handler of type [class org.springframework.web.servlet.resource.ResourceHttpRequestHandler]
2016-04-25 00:09:58.946  INFO 5830 --- [main] o.s.w.s.handler.SimpleUrlHandlerMapping  : Mapped URL path [/**] onto handler of type [class org.springframework.web.servlet.resource.ResourceHttpRequestHandler]
2016-04-25 00:09:58.989  INFO 5830 --- [main] o.s.w.s.handler.SimpleUrlHandlerMapping  : Mapped URL path [/**/favicon.ico] onto handler of type [class org.springframework.web.servlet.resource.ResourceHttpRequestHandler]
2016-04-25 00:10:00.447  INFO 5830 --- [main] o.s.b.a.e.mvc.EndpointHandlerMapping     : Mapped "{[/metrics/{name:.*}],methods=[GET],params=[],headers=[],consumes=[],produces=[],custom=[]}" onto public java.lang.Object org.springframework.boot.actuate.endpoint.mvc.MetricsMvcEndpoint.value(java.lang.String)
2016-04-25 00:10:00.447  INFO 5830 --- [main] o.s.b.a.e.mvc.EndpointHandlerMapping     : Mapped "{[/metrics],methods=[GET],params=[],headers=[],consumes=[],produces=[],custom=[]}" onto public java.lang.Object org.springframework.boot.actuate.endpoint.mvc.EndpointMvcAdapter.invoke()
2016-04-25 00:10:00.449  INFO 5830 --- [main] o.s.b.a.e.mvc.EndpointHandlerMapping     : Mapped "{[/refresh],methods=[POST],params=[],headers=[],consumes=[],produces=[],custom=[]}" onto public java.lang.Object org.springframework.cloud.endpoint.GenericPostableMvcEndpoint.invoke()
2016-04-25 00:10:00.450  INFO 5830 --- [main] o.s.b.a.e.mvc.EndpointHandlerMapping     : Mapped "{[/health],methods=[],params=[],headers=[],consumes=[],produces=[],custom=[]}" onto public java.lang.Object org.springframework.boot.actuate.endpoint.mvc.HealthMvcEndpoint.invoke(java.security.Principal)
2016-04-25 00:10:00.450  INFO 5830 --- [main] o.s.b.a.e.mvc.EndpointHandlerMapping     : Mapped "{[/mappings],methods=[GET],params=[],headers=[],consumes=[],produces=[],custom=[]}" onto public java.lang.Object org.springframework.boot.actuate.endpoint.mvc.EndpointMvcAdapter.invoke()
2016-04-25 00:10:00.450  INFO 5830 --- [main] o.s.b.a.e.mvc.EndpointHandlerMapping     : Mapped "{[/archaius],methods=[GET],params=[],headers=[],consumes=[],produces=[],custom=[]}" onto public java.lang.Object org.springframework.boot.actuate.endpoint.mvc.EndpointMvcAdapter.invoke()
2016-04-25 00:10:00.451  INFO 5830 --- [main] o.s.b.a.e.mvc.EndpointHandlerMapping     : Mapped "{[/env],methods=[POST],params=[],headers=[],consumes=[],produces=[],custom=[]}" onto public java.lang.Object org.springframework.cloud.context.environment.EnvironmentManagerMvcEndpoint.value(java.util.Map<java.lang.String, java.lang.String>)
2016-04-25 00:10:00.452  INFO 5830 --- [main] o.s.b.a.e.mvc.EndpointHandlerMapping     : Mapped "{[/env/reset],methods=[POST],params=[],headers=[],consumes=[],produces=[],custom=[]}" onto public java.util.Map<java.lang.String, java.lang.Object> org.springframework.cloud.context.environment.EnvironmentManagerMvcEndpoint.reset()
2016-04-25 00:10:00.452  INFO 5830 --- [main] o.s.b.a.e.mvc.EndpointHandlerMapping     : Mapped "{[/configprops],methods=[GET],params=[],headers=[],consumes=[],produces=[],custom=[]}" onto public java.lang.Object org.springframework.boot.actuate.endpoint.mvc.EndpointMvcAdapter.invoke()
2016-04-25 00:10:00.453  INFO 5830 --- [main] o.s.b.a.e.mvc.EndpointHandlerMapping     : Mapped "{[/beans],methods=[GET],params=[],headers=[],consumes=[],produces=[],custom=[]}" onto public java.lang.Object org.springframework.boot.actuate.endpoint.mvc.EndpointMvcAdapter.invoke()
2016-04-25 00:10:00.454  INFO 5830 --- [main] o.s.b.a.e.mvc.EndpointHandlerMapping     : Mapped "{[/dump],methods=[GET],params=[],headers=[],consumes=[],produces=[],custom=[]}" onto public java.lang.Object org.springframework.boot.actuate.endpoint.mvc.EndpointMvcAdapter.invoke()
2016-04-25 00:10:00.455  INFO 5830 --- [main] o.s.b.a.e.mvc.EndpointHandlerMapping     : Mapped "{[/resume],methods=[POST],params=[],headers=[],consumes=[],produces=[],custom=[]}" onto public java.lang.Object org.springframework.cloud.endpoint.GenericPostableMvcEndpoint.invoke()
2016-04-25 00:10:00.456  INFO 5830 --- [main] o.s.b.a.e.mvc.EndpointHandlerMapping     : Mapped "{[/info],methods=[GET],params=[],headers=[],consumes=[],produces=[],custom=[]}" onto public java.lang.Object org.springframework.boot.actuate.endpoint.mvc.EndpointMvcAdapter.invoke()
2016-04-25 00:10:00.456  INFO 5830 --- [main] o.s.b.a.e.mvc.EndpointHandlerMapping     : Mapped "{[/autoconfig],methods=[GET],params=[],headers=[],consumes=[],produces=[],custom=[]}" onto public java.lang.Object org.springframework.boot.actuate.endpoint.mvc.EndpointMvcAdapter.invoke()
2016-04-25 00:10:00.456  INFO 5830 --- [main] o.s.b.a.e.mvc.EndpointHandlerMapping     : Mapped "{[/restart],methods=[POST],params=[],headers=[],consumes=[],produces=[],custom=[]}" onto public java.lang.Object org.springframework.cloud.context.restart.RestartMvcEndpoint.invoke()
2016-04-25 00:10:00.456  INFO 5830 --- [main] o.s.b.a.e.mvc.EndpointHandlerMapping     : Mapped "{[/trace],methods=[GET],params=[],headers=[],consumes=[],produces=[],custom=[]}" onto public java.lang.Object org.springframework.boot.actuate.endpoint.mvc.EndpointMvcAdapter.invoke()
2016-04-25 00:10:00.457  INFO 5830 --- [main] o.s.b.a.e.mvc.EndpointHandlerMapping     : Mapped "{[/pause],methods=[POST],params=[],headers=[],consumes=[],produces=[],custom=[]}" onto public java.lang.Object org.springframework.cloud.endpoint.GenericPostableMvcEndpoint.invoke()
2016-04-25 00:10:00.457  INFO 5830 --- [main] o.s.b.a.e.mvc.EndpointHandlerMapping     : Mapped "{[/env/{name:.*}],methods=[GET],params=[],headers=[],consumes=[],produces=[],custom=[]}" onto public java.lang.Object org.springframework.boot.actuate.endpoint.mvc.EnvironmentMvcEndpoint.value(java.lang.String)
2016-04-25 00:10:00.458  INFO 5830 --- [main] o.s.b.a.e.mvc.EndpointHandlerMapping     : Mapped "{[/env],methods=[GET],params=[],headers=[],consumes=[],produces=[],custom=[]}" onto public java.lang.Object org.springframework.boot.actuate.endpoint.mvc.EndpointMvcAdapter.invoke()
2016-04-25 00:10:00.857  INFO 5830 --- [main] o.s.ui.freemarker.SpringTemplateLoader   : SpringTemplateLoader for FreeMarker: using resource loader [org.springframework.boot.context.embedded.AnnotationConfigEmbeddedWebApplicationContext@78a773fd: startup date [Mon Apr 25 00:09:53 PDT 2016]; parent: org.springframework.context.annotation.AnnotationConfigApplicationContext@6328d34a] and template loader path [classpath:/templates/]
2016-04-25 00:10:00.858  INFO 5830 --- [main] o.s.w.s.v.f.FreeMarkerConfigurer         : ClassTemplateLoader for Spring macros added to FreeMarker configuration
2016-04-25 00:10:01.216  WARN 5830 --- [main] c.n.c.sources.URLConfigurationSource     : No URLs will be polled as dynamic configuration sources.
2016-04-25 00:10:01.216  INFO 5830 --- [main] c.n.c.sources.URLConfigurationSource     : To enable URLs as dynamic configuration sources, define System property archaius.configurationSource.additionalUrls or make config.properties available on classpath.
2016-04-25 00:10:01.267  INFO 5830 --- [main] o.s.j.e.a.AnnotationMBeanExporter        : Registering beans for JMX exposure on startup
2016-04-25 00:10:01.276  INFO 5830 --- [main] o.s.j.e.a.AnnotationMBeanExporter        : Bean with name 'refreshEndpoint' has been autodetected for JMX exposure
2016-04-25 00:10:01.277  INFO 5830 --- [main] o.s.j.e.a.AnnotationMBeanExporter        : Bean with name 'restartEndpoint' has been autodetected for JMX exposure
2016-04-25 00:10:01.277  INFO 5830 --- [main] o.s.j.e.a.AnnotationMBeanExporter        : Bean with name 'configurationPropertiesRebinder' has been autodetected for JMX exposure
2016-04-25 00:10:01.278  INFO 5830 --- [main] o.s.j.e.a.AnnotationMBeanExporter        : Bean with name 'refreshScope' has been autodetected for JMX exposure
2016-04-25 00:10:01.278  INFO 5830 --- [main] o.s.j.e.a.AnnotationMBeanExporter        : Bean with name 'environmentManager' has been autodetected for JMX exposure
2016-04-25 00:10:01.281  INFO 5830 --- [main] o.s.j.e.a.AnnotationMBeanExporter        : Located managed bean 'environmentManager': registering with JMX server as MBean [org.springframework.cloud.context.environment:name=environmentManager,type=EnvironmentManager]
2016-04-25 00:10:01.293  INFO 5830 --- [main] o.s.j.e.a.AnnotationMBeanExporter        : Located managed bean 'restartEndpoint': registering with JMX server as MBean [org.springframework.cloud.context.restart:name=restartEndpoint,type=RestartEndpoint]
2016-04-25 00:10:01.303  INFO 5830 --- [main] o.s.j.e.a.AnnotationMBeanExporter        : Located managed bean 'refreshScope': registering with JMX server as MBean [org.springframework.cloud.context.scope.refresh:name=refreshScope,type=RefreshScope]
2016-04-25 00:10:01.372  INFO 5830 --- [main] o.s.j.e.a.AnnotationMBeanExporter        : Located managed bean 'configurationPropertiesRebinder': registering with JMX server as MBean [org.springframework.cloud.context.properties:name=configurationPropertiesRebinder,context=78a773fd,type=ConfigurationPropertiesRebinder]
2016-04-25 00:10:01.394  INFO 5830 --- [main] o.s.j.e.a.AnnotationMBeanExporter        : Located managed bean 'refreshEndpoint': registering with JMX server as MBean [org.springframework.cloud.bootstrap.config:name=refreshEndpoint,type=RefreshEndpoint]
2016-04-25 00:10:01.399  INFO 5830 --- [main] o.s.c.support.DefaultLifecycleProcessor  : Starting beans in phase 0
2016-04-25 00:10:01.406  INFO 5830 --- [main] .p.EurekaConfigBasedInstanceInfoProvider : Setting initial instance status as: STARTING
2016-04-25 00:10:02.280  INFO 5830 --- [main] com.netflix.discovery.DiscoveryClient    : Not registering with Eureka server per configuration
2016-04-25 00:10:02.286  INFO 5830 --- [main] c.n.e.EurekaDiscoveryClientConfiguration : Registering application bootstrap with eureka with status UP
2016-04-25 00:10:02.337  WARN 5830 --- [Thread-2] c.n.eureka.PeerAwareInstanceRegistry     : The replica size seems to be empty. Check the route 53 DNS Registry
2016-04-25 00:10:02.625  INFO 5830 --- [main] s.b.c.e.t.TomcatEmbeddedServletContainer : Tomcat started on port(s): 8761 (http)
2016-04-25 00:10:02.627  INFO 5830 --- [main] eureka_trial.EurekaServiceDiscovery      : Started EurekaServiceDiscovery in 10.756 seconds (JVM running for 11.847)
2016-04-25 00:10:16.451  INFO 5830 --- [http-nio-8761-exec-1] o.a.c.c.C.[Tomcat].[localhost].[/]       : Initializing Spring FrameworkServlet 'dispatcherServlet'
2016-04-25 00:10:16.451  INFO 5830 --- [http-nio-8761-exec-1] o.s.web.servlet.DispatcherServlet        : FrameworkServlet 'dispatcherServlet': initialization started
2016-04-25 00:10:16.470  INFO 5830 --- [http-nio-8761-exec-1] o.s.web.servlet.DispatcherServlet        : FrameworkServlet 'dispatcherServlet': initialization completed in 19 ms
2016-04-25 00:10:46.723  WARN 5830 --- [http-nio-8761-exec-4] com.netflix.eureka.InstanceRegistry      : DS: Registry: lease doesn't exist, registering resource: HISTORYOFTODAY - localhost:historyOfToday:4040
2016-04-25 00:10:46.724  WARN 5830 --- [http-nio-8761-exec-4] c.n.eureka.resources.InstanceResource    : Not Found (Renew): HISTORYOFTODAY - localhost:historyOfToday:4040
2016-04-25 00:10:46.918  INFO 5830 --- [http-nio-8761-exec-5] com.netflix.eureka.InstanceRegistry      : Registered instance id localhost:historyOfToday:4040 with status UP
2016-04-25 00:10:56.712  INFO 5830 --- [http-nio-8761-exec-6] com.netflix.eureka.InstanceRegistry      : Registered instance id localhost:historyOfToday:4040 with status UP
2016-04-25 00:11:02.533  WARN 5830 --- [http-nio-8761-exec-5] com.netflix.eureka.InstanceRegistry      : DS: Registry: lease doesn't exist, registering resource: HOLIDAY - localhost:holiday:6060
2016-04-25 00:11:02.534  WARN 5830 --- [http-nio-8761-exec-5] c.n.eureka.resources.InstanceResource    : Not Found (Renew): HOLIDAY - localhost:holiday:6060
2016-04-25 00:11:02.559  INFO 5830 --- [http-nio-8761-exec-6] com.netflix.eureka.InstanceRegistry      : Registered instance id localhost:holiday:6060 with status UP
2016-04-25 00:11:12.531  INFO 5830 --- [http-nio-8761-exec-4] com.netflix.eureka.InstanceRegistry      : Registered instance id localhost:holiday:6060 with status UP
2016-04-25 00:11:16.932  WARN 5830 --- [http-nio-8761-exec-9] c.n.eureka.resources.InstanceResource    : Time to sync, since the last dirty timestamp differs - ReplicationInstance id : localhost:historyOfToday:4040,Registry : 1461568216700 Incoming: 1461568256714 Replication: false
2016-04-25 00:11:16.942  INFO 5830 --- [http-nio-8761-exec-10] com.netflix.eureka.InstanceRegistry      : Registered instance id localhost:historyOfToday:4040 with status UP
2016-04-25 00:11:32.571  WARN 5830 --- [http-nio-8761-exec-1] c.n.eureka.resources.InstanceResource    : Time to sync, since the last dirty timestamp differs - ReplicationInstance id : localhost:holiday:6060,Registry : 1461568232523 Incoming: 1461568272532 Replication: false
2016-04-25 00:11:32.584  INFO 5830 --- [http-nio-8761-exec-3] com.netflix.eureka.InstanceRegistry      : Registered instance id localhost:holiday:6060 with status UP
2016-04-25 00:12:32.406  INFO 5830 --- [Thread-2] c.n.eureka.PeerAwareInstanceRegistry     : Got 1 instances from neighboring DS node
2016-04-25 00:12:32.406  INFO 5830 --- [Thread-2] c.n.eureka.PeerAwareInstanceRegistry     : Renew threshold is: 1
2016-04-25 00:12:32.406  INFO 5830 --- [Thread-2] c.n.eureka.PeerAwareInstanceRegistry     : Changing status to UP
2016-04-25 00:12:32.407  INFO 5830 --- [Thread-2] com.netflix.eureka.InstanceRegistry      : Finished initializing remote region registries. All known remote regions: []
2016-04-25 00:12:32.418  INFO 5830 --- [Thread-2] e.s.EurekaServerInitializerConfiguration : Started Eureka Server
