2016-04-24 18:03:25.709  INFO 19961 --- [main] ationConfigEmbeddedWebApplicationContext : Refreshing org.springframework.boot.context.embedded.AnnotationConfigEmbeddedWebApplicationContext@57c03d88: startup date [Sun Apr 24 18:03:25 PDT 2016]; parent: org.springframework.context.annotation.AnnotationConfigApplicationContext@4c40b76e
2016-04-24 18:03:30.611  INFO 19961 --- [main] o.s.b.f.s.DefaultListableBeanFactory     : Overriding bean definition for bean 'beanNameViewResolver': replacing [Root bean: class [null]; scope=; abstract=false; lazyInit=false; autowireMode=3; dependencyCheck=0; autowireCandidate=true; primary=false; factoryBeanName=org.springframework.boot.autoconfigure.web.ErrorMvcAutoConfiguration$WhitelabelErrorViewConfiguration; factoryMethodName=beanNameViewResolver; initMethodName=null; destroyMethodName=(inferred); defined in class path resource [org/springframework/boot/autoconfigure/web/ErrorMvcAutoConfiguration$WhitelabelErrorViewConfiguration.class]] with [Root bean: class [null]; scope=; abstract=false; lazyInit=false; autowireMode=3; dependencyCheck=0; autowireCandidate=true; primary=false; factoryBeanName=org.springframework.boot.autoconfigure.web.WebMvcAutoConfiguration$WebMvcAutoConfigurationAdapter; factoryMethodName=beanNameViewResolver; initMethodName=null; destroyMethodName=(inferred); defined in class path resource [org/springframework/boot/autoconfigure/web/WebMvcAutoConfiguration$WebMvcAutoConfigurationAdapter.class]]
2016-04-24 18:03:30.955  INFO 19961 --- [main] o.s.b.f.s.DefaultListableBeanFactory     : Overriding bean definition for bean 'infoEndpoint': replacing [Root bean: class [null]; scope=; abstract=false; lazyInit=false; autowireMode=3; dependencyCheck=0; autowireCandidate=true; primary=false; factoryBeanName=org.springframework.boot.actuate.autoconfigure.EndpointAutoConfiguration; factoryMethodName=infoEndpoint; initMethodName=null; destroyMethodName=(inferred); defined in class path resource [org/springframework/boot/actuate/autoconfigure/EndpointAutoConfiguration.class]] with [Root bean: class [null]; scope=; abstract=false; lazyInit=false; autowireMode=3; dependencyCheck=0; autowireCandidate=true; primary=false; factoryBeanName=org.springframework.cloud.autoconfigure.RefreshAutoConfiguration$InfoEndpointRebinderConfiguration; factoryMethodName=infoEndpoint; initMethodName=null; destroyMethodName=(inferred); defined in class path resource [org/springframework/cloud/autoconfigure/RefreshAutoConfiguration$InfoEndpointRebinderConfiguration.class]]
2016-04-24 18:03:31.853  INFO 19961 --- [main] o.s.cloud.context.scope.GenericScope     : BeanFactory id=17c61ea8-7887-3d48-ad2e-61756a2fdd6b
2016-04-24 18:03:31.862  INFO 19961 --- [main] f.a.AutowiredAnnotationBeanPostProcessor : JSR-330 'javax.inject.Inject' annotation found and supported for autowiring
2016-04-24 18:03:31.914  INFO 19961 --- [main] trationDelegate$BeanPostProcessorChecker : Bean 'org.springframework.cloud.autoconfigure.RefreshAutoConfiguration$ConfigurationPropertiesRebinderConfiguration' of type [class org.springframework.cloud.autoconfigure.RefreshAutoConfiguration$ConfigurationPropertiesRebinderConfiguration$$EnhancerBySpringCGLIB$$325645e7] is not eligible for getting processed by all BeanPostProcessors (for example: not eligible for auto-proxying)
2016-04-24 18:03:33.348  INFO 19961 --- [main] s.b.c.e.t.TomcatEmbeddedServletContainer : Tomcat initialized with port(s): 8761 (http)
2016-04-24 18:03:34.695  INFO 19961 --- [main] o.apache.catalina.core.StandardService   : Starting service Tomcat
2016-04-24 18:03:34.697  INFO 19961 --- [main] org.apache.catalina.core.StandardEngine  : Starting Servlet Engine: Apache Tomcat/8.0.23
2016-04-24 18:03:36.160  INFO 19961 --- [localhost-startStop-1] o.a.c.c.C.[Tomcat].[localhost].[/]       : Initializing Spring embedded WebApplicationContext
2016-04-24 18:03:36.185  INFO 19961 --- [localhost-startStop-1] o.s.web.context.ContextLoader            : Root WebApplicationContext: initialization completed in 10476 ms
2016-04-24 18:03:40.597  INFO 19961 --- [localhost-startStop-1] o.s.b.c.embedded.FilterRegistrationBean  : Mapping filter: 'metricFilter' to: [/*]
2016-04-24 18:03:40.599  INFO 19961 --- [localhost-startStop-1] o.s.b.c.embedded.FilterRegistrationBean  : Mapping filter: 'characterEncodingFilter' to: [/*]
2016-04-24 18:03:40.600  INFO 19961 --- [localhost-startStop-1] o.s.b.c.embedded.FilterRegistrationBean  : Mapping filter: 'hiddenHttpMethodFilter' to: [/*]
2016-04-24 18:03:40.600  INFO 19961 --- [localhost-startStop-1] o.s.b.c.embedded.FilterRegistrationBean  : Mapping filter: 'webRequestTraceFilter' to: [/*]
2016-04-24 18:03:40.600  INFO 19961 --- [localhost-startStop-1] o.s.b.c.embedded.FilterRegistrationBean  : Mapping filter: 'servletContainer' to urls: [/eureka/*]
2016-04-24 18:03:40.600  INFO 19961 --- [localhost-startStop-1] o.s.b.c.embedded.FilterRegistrationBean  : Mapping filter: 'applicationContextIdFilter' to: [/*]
2016-04-24 18:03:40.601  INFO 19961 --- [localhost-startStop-1] o.s.b.c.e.ServletRegistrationBean        : Mapping servlet: 'dispatcherServlet' to [/]
2016-04-24 18:03:40.827  INFO 19961 --- [localhost-startStop-1] o.a.c.util.SessionIdGeneratorBase        : Creation of SecureRandom instance for session ID generation using [SHA1PRNG] took [119] milliseconds.
2016-04-24 18:03:41.531  INFO 19961 --- [localhost-startStop-1] c.s.j.s.i.a.WebApplicationImpl           : Initiating Jersey application, version 'Jersey: 1.13 06/29/2012 05:14 PM'
2016-04-24 18:03:43.573  WARN 19961 --- [main] c.n.c.sources.URLConfigurationSource     : No URLs will be polled as dynamic configuration sources.
2016-04-24 18:03:43.573  INFO 19961 --- [main] c.n.c.sources.URLConfigurationSource     : To enable URLs as dynamic configuration sources, define System property archaius.configurationSource.additionalUrls or make config.properties available on classpath.
2016-04-24 18:03:43.593  INFO 19961 --- [main] c.netflix.config.DynamicPropertyFactory  : DynamicPropertyFactory is initialized with configuration sources: com.netflix.config.ConcurrentCompositeConfiguration@5b3f3ba0
2016-04-24 18:03:45.551  INFO 19961 --- [main] s.w.s.m.m.a.RequestMappingHandlerAdapter : Looking for @ControllerAdvice: org.springframework.boot.context.embedded.AnnotationConfigEmbeddedWebApplicationContext@57c03d88: startup date [Sun Apr 24 18:03:25 PDT 2016]; parent: org.springframework.context.annotation.AnnotationConfigApplicationContext@4c40b76e
2016-04-24 18:03:45.920  INFO 19961 --- [main] s.w.s.m.m.a.RequestMappingHandlerMapping : Mapped "{[/],methods=[GET],params=[],headers=[],consumes=[],produces=[],custom=[]}" onto public java.lang.String org.springframework.cloud.netflix.eureka.server.EurekaController.status(javax.servlet.http.HttpServletRequest,java.util.Map<java.lang.String, java.lang.Object>)
2016-04-24 18:03:45.927  INFO 19961 --- [main] s.w.s.m.m.a.RequestMappingHandlerMapping : Mapped "{[/lastn],methods=[GET],params=[],headers=[],consumes=[],produces=[],custom=[]}" onto public java.lang.String org.springframework.cloud.netflix.eureka.server.EurekaController.lastn(javax.servlet.http.HttpServletRequest,java.util.Map<java.lang.String, java.lang.Object>)
2016-04-24 18:03:45.933  INFO 19961 --- [main] s.w.s.m.m.a.RequestMappingHandlerMapping : Mapped "{[/error],methods=[],params=[],headers=[],consumes=[],produces=[],custom=[]}" onto public org.springframework.http.ResponseEntity<java.util.Map<java.lang.String, java.lang.Object>> org.springframework.boot.autoconfigure.web.BasicErrorController.error(javax.servlet.http.HttpServletRequest)
2016-04-24 18:03:45.933  INFO 19961 --- [main] s.w.s.m.m.a.RequestMappingHandlerMapping : Mapped "{[/error],methods=[],params=[],headers=[],consumes=[],produces=[text/html],custom=[]}" onto public org.springframework.web.servlet.ModelAndView org.springframework.boot.autoconfigure.web.BasicErrorController.errorHtml(javax.servlet.http.HttpServletRequest)
2016-04-24 18:03:46.065  INFO 19961 --- [main] o.s.w.s.handler.SimpleUrlHandlerMapping  : Mapped URL path [/webjars/**] onto handler of type [class org.springframework.web.servlet.resource.ResourceHttpRequestHandler]
2016-04-24 18:03:46.065  INFO 19961 --- [main] o.s.w.s.handler.SimpleUrlHandlerMapping  : Mapped URL path [/**] onto handler of type [class org.springframework.web.servlet.resource.ResourceHttpRequestHandler]
2016-04-24 18:03:46.513  INFO 19961 --- [main] o.s.w.s.handler.SimpleUrlHandlerMapping  : Mapped URL path [/**/favicon.ico] onto handler of type [class org.springframework.web.servlet.resource.ResourceHttpRequestHandler]
2016-04-24 18:03:48.786  INFO 19961 --- [main] o.s.b.a.e.mvc.EndpointHandlerMapping     : Mapped "{[/health],methods=[],params=[],headers=[],consumes=[],produces=[],custom=[]}" onto public java.lang.Object org.springframework.boot.actuate.endpoint.mvc.HealthMvcEndpoint.invoke(java.security.Principal)
2016-04-24 18:03:48.787  INFO 19961 --- [main] o.s.b.a.e.mvc.EndpointHandlerMapping     : Mapped "{[/env],methods=[POST],params=[],headers=[],consumes=[],produces=[],custom=[]}" onto public java.lang.Object org.springframework.cloud.context.environment.EnvironmentManagerMvcEndpoint.value(java.util.Map<java.lang.String, java.lang.String>)
2016-04-24 18:03:48.787  INFO 19961 --- [main] o.s.b.a.e.mvc.EndpointHandlerMapping     : Mapped "{[/env/reset],methods=[POST],params=[],headers=[],consumes=[],produces=[],custom=[]}" onto public java.util.Map<java.lang.String, java.lang.Object> org.springframework.cloud.context.environment.EnvironmentManagerMvcEndpoint.reset()
2016-04-24 18:03:48.791  INFO 19961 --- [main] o.s.b.a.e.mvc.EndpointHandlerMapping     : Mapped "{[/env/{name:.*}],methods=[GET],params=[],headers=[],consumes=[],produces=[],custom=[]}" onto public java.lang.Object org.springframework.boot.actuate.endpoint.mvc.EnvironmentMvcEndpoint.value(java.lang.String)
2016-04-24 18:03:48.792  INFO 19961 --- [main] o.s.b.a.e.mvc.EndpointHandlerMapping     : Mapped "{[/env],methods=[GET],params=[],headers=[],consumes=[],produces=[],custom=[]}" onto public java.lang.Object org.springframework.boot.actuate.endpoint.mvc.EndpointMvcAdapter.invoke()
2016-04-24 18:03:48.792  INFO 19961 --- [main] o.s.b.a.e.mvc.EndpointHandlerMapping     : Mapped "{[/configprops],methods=[GET],params=[],headers=[],consumes=[],produces=[],custom=[]}" onto public java.lang.Object org.springframework.boot.actuate.endpoint.mvc.EndpointMvcAdapter.invoke()
2016-04-24 18:03:48.793  INFO 19961 --- [main] o.s.b.a.e.mvc.EndpointHandlerMapping     : Mapped "{[/resume],methods=[POST],params=[],headers=[],consumes=[],produces=[],custom=[]}" onto public java.lang.Object org.springframework.cloud.endpoint.GenericPostableMvcEndpoint.invoke()
2016-04-24 18:03:48.793  INFO 19961 --- [main] o.s.b.a.e.mvc.EndpointHandlerMapping     : Mapped "{[/metrics/{name:.*}],methods=[GET],params=[],headers=[],consumes=[],produces=[],custom=[]}" onto public java.lang.Object org.springframework.boot.actuate.endpoint.mvc.MetricsMvcEndpoint.value(java.lang.String)
2016-04-24 18:03:48.794  INFO 19961 --- [main] o.s.b.a.e.mvc.EndpointHandlerMapping     : Mapped "{[/metrics],methods=[GET],params=[],headers=[],consumes=[],produces=[],custom=[]}" onto public java.lang.Object org.springframework.boot.actuate.endpoint.mvc.EndpointMvcAdapter.invoke()
2016-04-24 18:03:48.794  INFO 19961 --- [main] o.s.b.a.e.mvc.EndpointHandlerMapping     : Mapped "{[/autoconfig],methods=[GET],params=[],headers=[],consumes=[],produces=[],custom=[]}" onto public java.lang.Object org.springframework.boot.actuate.endpoint.mvc.EndpointMvcAdapter.invoke()
2016-04-24 18:03:48.795  INFO 19961 --- [main] o.s.b.a.e.mvc.EndpointHandlerMapping     : Mapped "{[/mappings],methods=[GET],params=[],headers=[],consumes=[],produces=[],custom=[]}" onto public java.lang.Object org.springframework.boot.actuate.endpoint.mvc.EndpointMvcAdapter.invoke()
2016-04-24 18:03:48.795  INFO 19961 --- [main] o.s.b.a.e.mvc.EndpointHandlerMapping     : Mapped "{[/trace],methods=[GET],params=[],headers=[],consumes=[],produces=[],custom=[]}" onto public java.lang.Object org.springframework.boot.actuate.endpoint.mvc.EndpointMvcAdapter.invoke()
2016-04-24 18:03:48.796  INFO 19961 --- [main] o.s.b.a.e.mvc.EndpointHandlerMapping     : Mapped "{[/pause],methods=[POST],params=[],headers=[],consumes=[],produces=[],custom=[]}" onto public java.lang.Object org.springframework.cloud.endpoint.GenericPostableMvcEndpoint.invoke()
2016-04-24 18:03:48.798  INFO 19961 --- [main] o.s.b.a.e.mvc.EndpointHandlerMapping     : Mapped "{[/archaius],methods=[GET],params=[],headers=[],consumes=[],produces=[],custom=[]}" onto public java.lang.Object org.springframework.boot.actuate.endpoint.mvc.EndpointMvcAdapter.invoke()
2016-04-24 18:03:48.800  INFO 19961 --- [main] o.s.b.a.e.mvc.EndpointHandlerMapping     : Mapped "{[/beans],methods=[GET],params=[],headers=[],consumes=[],produces=[],custom=[]}" onto public java.lang.Object org.springframework.boot.actuate.endpoint.mvc.EndpointMvcAdapter.invoke()
2016-04-24 18:03:48.804  INFO 19961 --- [main] o.s.b.a.e.mvc.EndpointHandlerMapping     : Mapped "{[/dump],methods=[GET],params=[],headers=[],consumes=[],produces=[],custom=[]}" onto public java.lang.Object org.springframework.boot.actuate.endpoint.mvc.EndpointMvcAdapter.invoke()
2016-04-24 18:03:48.805  INFO 19961 --- [main] o.s.b.a.e.mvc.EndpointHandlerMapping     : Mapped "{[/refresh],methods=[POST],params=[],headers=[],consumes=[],produces=[],custom=[]}" onto public java.lang.Object org.springframework.cloud.endpoint.GenericPostableMvcEndpoint.invoke()
2016-04-24 18:03:48.806  INFO 19961 --- [main] o.s.b.a.e.mvc.EndpointHandlerMapping     : Mapped "{[/info],methods=[GET],params=[],headers=[],consumes=[],produces=[],custom=[]}" onto public java.lang.Object org.springframework.boot.actuate.endpoint.mvc.EndpointMvcAdapter.invoke()
2016-04-24 18:03:48.809  INFO 19961 --- [main] o.s.b.a.e.mvc.EndpointHandlerMapping     : Mapped "{[/restart],methods=[POST],params=[],headers=[],consumes=[],produces=[],custom=[]}" onto public java.lang.Object org.springframework.cloud.context.restart.RestartMvcEndpoint.invoke()
2016-04-24 18:03:49.334  INFO 19961 --- [main] o.s.ui.freemarker.SpringTemplateLoader   : SpringTemplateLoader for FreeMarker: using resource loader [org.springframework.boot.context.embedded.AnnotationConfigEmbeddedWebApplicationContext@57c03d88: startup date [Sun Apr 24 18:03:25 PDT 2016]; parent: org.springframework.context.annotation.AnnotationConfigApplicationContext@4c40b76e] and template loader path [classpath:/templates/]
2016-04-24 18:03:49.336  INFO 19961 --- [main] o.s.w.s.v.f.FreeMarkerConfigurer         : ClassTemplateLoader for Spring macros added to FreeMarker configuration
2016-04-24 18:03:49.762  WARN 19961 --- [main] c.n.c.sources.URLConfigurationSource     : No URLs will be polled as dynamic configuration sources.
2016-04-24 18:03:49.763  INFO 19961 --- [main] c.n.c.sources.URLConfigurationSource     : To enable URLs as dynamic configuration sources, define System property archaius.configurationSource.additionalUrls or make config.properties available on classpath.
2016-04-24 18:03:49.801  INFO 19961 --- [main] o.s.j.e.a.AnnotationMBeanExporter        : Registering beans for JMX exposure on startup
2016-04-24 18:03:49.815  INFO 19961 --- [main] o.s.j.e.a.AnnotationMBeanExporter        : Bean with name 'refreshEndpoint' has been autodetected for JMX exposure
2016-04-24 18:03:49.818  INFO 19961 --- [main] o.s.j.e.a.AnnotationMBeanExporter        : Bean with name 'restartEndpoint' has been autodetected for JMX exposure
2016-04-24 18:03:49.820  INFO 19961 --- [main] o.s.j.e.a.AnnotationMBeanExporter        : Bean with name 'configurationPropertiesRebinder' has been autodetected for JMX exposure
2016-04-24 18:03:49.821  INFO 19961 --- [main] o.s.j.e.a.AnnotationMBeanExporter        : Bean with name 'refreshScope' has been autodetected for JMX exposure
2016-04-24 18:03:49.821  INFO 19961 --- [main] o.s.j.e.a.AnnotationMBeanExporter        : Bean with name 'environmentManager' has been autodetected for JMX exposure
2016-04-24 18:03:49.860  INFO 19961 --- [main] o.s.j.e.a.AnnotationMBeanExporter        : Located managed bean 'environmentManager': registering with JMX server as MBean [org.springframework.cloud.context.environment:name=environmentManager,type=EnvironmentManager]
2016-04-24 18:03:49.920  INFO 19961 --- [main] o.s.j.e.a.AnnotationMBeanExporter        : Located managed bean 'restartEndpoint': registering with JMX server as MBean [org.springframework.cloud.context.restart:name=restartEndpoint,type=RestartEndpoint]
2016-04-24 18:03:49.943  INFO 19961 --- [main] o.s.j.e.a.AnnotationMBeanExporter        : Located managed bean 'refreshScope': registering with JMX server as MBean [org.springframework.cloud.context.scope.refresh:name=refreshScope,type=RefreshScope]
2016-04-24 18:03:49.959  INFO 19961 --- [main] o.s.j.e.a.AnnotationMBeanExporter        : Located managed bean 'configurationPropertiesRebinder': registering with JMX server as MBean [org.springframework.cloud.context.properties:name=configurationPropertiesRebinder,context=57c03d88,type=ConfigurationPropertiesRebinder]
2016-04-24 18:03:49.996  INFO 19961 --- [main] o.s.j.e.a.AnnotationMBeanExporter        : Located managed bean 'refreshEndpoint': registering with JMX server as MBean [org.springframework.cloud.bootstrap.config:name=refreshEndpoint,type=RefreshEndpoint]
2016-04-24 18:03:50.344  INFO 19961 --- [main] o.s.c.support.DefaultLifecycleProcessor  : Starting beans in phase 0
2016-04-24 18:03:50.367  INFO 19961 --- [main] .p.EurekaConfigBasedInstanceInfoProvider : Setting initial instance status as: STARTING
2016-04-24 18:03:51.722  INFO 19961 --- [main] com.netflix.discovery.DiscoveryClient    : Not registering with Eureka server per configuration
2016-04-24 18:03:51.736  INFO 19961 --- [main] c.n.e.EurekaDiscoveryClientConfiguration : Registering application bootstrap with eureka with status UP
2016-04-24 18:03:51.843  WARN 19961 --- [Thread-2] c.n.eureka.PeerAwareInstanceRegistry     : The replica size seems to be empty. Check the route 53 DNS Registry
2016-04-24 18:03:52.492  INFO 19961 --- [main] s.b.c.e.t.TomcatEmbeddedServletContainer : Tomcat started on port(s): 8761 (http)
2016-04-24 18:03:52.499  INFO 19961 --- [main] eureka_trial.EurekaServiceDiscovery      : Started EurekaTrialApplication in 35.866 seconds (JVM running for 41.204)
2016-04-24 18:03:52.647  INFO 19961 --- [http-nio-8761-exec-1] o.a.c.c.C.[Tomcat].[localhost].[/]       : Initializing Spring FrameworkServlet 'dispatcherServlet'
2016-04-24 18:03:52.647  INFO 19961 --- [http-nio-8761-exec-1] o.s.web.servlet.DispatcherServlet        : FrameworkServlet 'dispatcherServlet': initialization started
2016-04-24 18:03:52.794  INFO 19961 --- [http-nio-8761-exec-1] o.s.web.servlet.DispatcherServlet        : FrameworkServlet 'dispatcherServlet': initialization completed in 144 ms
2016-04-24 18:03:52.926  WARN 19961 --- [http-nio-8761-exec-2] com.netflix.eureka.InstanceRegistry      : DS: Registry: lease doesn't exist, registering resource: BOOTSTRAP - maelstrom.local
2016-04-24 18:03:52.931  WARN 19961 --- [http-nio-8761-exec-2] c.n.eureka.resources.InstanceResource    : Not Found (Renew): BOOTSTRAP - maelstrom.local
2016-04-24 18:03:54.046  INFO 19961 --- [http-nio-8761-exec-3] com.netflix.eureka.InstanceRegistry      : Registered instance id maelstrom.local with status UP
2016-04-24 18:04:02.358  INFO 19961 --- [http-nio-8761-exec-1] com.netflix.eureka.InstanceRegistry      : Registered instance id maelstrom.local with status UP
2016-04-24 18:04:24.077  WARN 19961 --- [http-nio-8761-exec-3] c.n.eureka.resources.InstanceResource    : Time to sync, since the last dirty timestamp differs - ReplicationInstance id : maelstrom.local,Registry : 1461546202361 Incoming: 1461546242361 Replication: false
2016-04-24 18:04:24.136  INFO 19961 --- [http-nio-8761-exec-4] com.netflix.eureka.InstanceRegistry      : Registered instance id maelstrom.local with status UP
2016-04-24 18:06:19.982  INFO 19961 --- [http-nio-8761-exec-2] c.n.eureka.resources.InstanceResource    : Found (Cancel): BOOTSTRAP - maelstrom.local
2016-04-24 18:06:22.027  INFO 19961 --- [Thread-2] c.n.eureka.PeerAwareInstanceRegistry     : Got 1 instances from neighboring DS node
2016-04-24 18:06:22.027  INFO 19961 --- [Thread-2] c.n.eureka.PeerAwareInstanceRegistry     : Renew threshold is: 1
2016-04-24 18:06:22.027  INFO 19961 --- [Thread-2] c.n.eureka.PeerAwareInstanceRegistry     : Changing status to UP
2016-04-24 18:06:22.030  INFO 19961 --- [Thread-2] com.netflix.eureka.InstanceRegistry      : Finished initializing remote region registries. All known remote regions: []
2016-04-24 18:06:22.072  INFO 19961 --- [Thread-2] e.s.EurekaServerInitializerConfiguration : Started Eureka Server
2016-04-24 18:08:19.610  WARN 19961 --- [http-nio-8761-exec-9] com.netflix.eureka.InstanceRegistry      : DS: Registry: lease doesn't exist, registering resource: BOOTSTRAP - maelstrom.local
2016-04-24 18:08:19.611  WARN 19961 --- [http-nio-8761-exec-9] c.n.eureka.resources.InstanceResource    : Not Found (Renew): BOOTSTRAP - maelstrom.local
2016-04-24 18:08:19.677  INFO 19961 --- [http-nio-8761-exec-8] com.netflix.eureka.InstanceRegistry      : Registered instance id maelstrom.local with status UP
2016-04-24 18:08:29.593  INFO 19961 --- [http-nio-8761-exec-1] com.netflix.eureka.InstanceRegistry      : Registered instance id maelstrom.local with status UP
2016-04-24 18:08:49.691  WARN 19961 --- [http-nio-8761-exec-5] c.n.eureka.resources.InstanceResource    : Time to sync, since the last dirty timestamp differs - ReplicationInstance id : maelstrom.local,Registry : 1461546469584 Incoming: 1461546509607 Replication: false
2016-04-24 18:08:49.702  INFO 19961 --- [http-nio-8761-exec-4] com.netflix.eureka.InstanceRegistry      : Registered instance id maelstrom.local with status UP
2016-04-24 18:10:20.672  INFO 19961 --- [http-nio-8761-exec-3] c.n.eureka.resources.InstanceResource    : Found (Cancel): BOOTSTRAP - maelstrom.local
2016-04-24 18:11:43.114  WARN 19961 --- [http-nio-8761-exec-9] com.netflix.eureka.InstanceRegistry      : DS: Registry: lease doesn't exist, registering resource: BOOTSTRAP - maelstrom.local
2016-04-24 18:11:43.115  WARN 19961 --- [http-nio-8761-exec-9] c.n.eureka.resources.InstanceResource    : Not Found (Renew): BOOTSTRAP - maelstrom.local
2016-04-24 18:11:43.190  INFO 19961 --- [http-nio-8761-exec-8] com.netflix.eureka.InstanceRegistry      : Registered instance id maelstrom.local with status UP
2016-04-24 18:11:53.098  INFO 19961 --- [http-nio-8761-exec-1] com.netflix.eureka.InstanceRegistry      : Registered instance id maelstrom.local with status UP
2016-04-24 18:12:13.208  WARN 19961 --- [http-nio-8761-exec-5] c.n.eureka.resources.InstanceResource    : Time to sync, since the last dirty timestamp differs - ReplicationInstance id : maelstrom.local,Registry : 1461546673153 Incoming: 1461546713121 Replication: false
2016-04-24 18:12:13.227  INFO 19961 --- [http-nio-8761-exec-4] com.netflix.eureka.InstanceRegistry      : Registered instance id maelstrom.local with status UP
2016-04-24 18:13:51.870  WARN 19961 --- [Eureka-PeerNodesUpdater] c.n.eureka.PeerAwareInstanceRegistry     : The replica size seems to be empty. Check the route 53 DNS Registry
2016-04-24 18:18:35.645  INFO 19961 --- [http-nio-8761-exec-10] c.n.eureka.resources.InstanceResource    : Found (Cancel): BOOTSTRAP - maelstrom.local
2016-04-24 18:18:51.881  INFO 19961 --- [ReplicaAwareInstanceRegistry - RenewalThresholdUpdater] c.n.eureka.PeerAwareInstanceRegistry     : Current renewal threshold is : 1
2016-04-24 18:19:58.775  WARN 19961 --- [http-nio-8761-exec-6] com.netflix.eureka.InstanceRegistry      : DS: Registry: lease doesn't exist, registering resource: WEATHER - localhost:weather:5050
2016-04-24 18:19:58.779  WARN 19961 --- [http-nio-8761-exec-6] c.n.eureka.resources.InstanceResource    : Not Found (Renew): WEATHER - localhost:weather:5050
2016-04-24 18:19:58.818  INFO 19961 --- [http-nio-8761-exec-9] com.netflix.eureka.InstanceRegistry      : Registered instance id localhost:weather:5050 with status UP
2016-04-24 18:20:08.772  INFO 19961 --- [http-nio-8761-exec-7] com.netflix.eureka.InstanceRegistry      : Registered instance id localhost:weather:5050 with status UP
2016-04-24 18:20:28.831  WARN 19961 --- [http-nio-8761-exec-4] c.n.eureka.resources.InstanceResource    : Time to sync, since the last dirty timestamp differs - ReplicationInstance id : localhost:weather:5050,Registry : 1461547168761 Incoming: 1461547208774 Replication: false
2016-04-24 18:20:28.842  INFO 19961 --- [http-nio-8761-exec-10] com.netflix.eureka.InstanceRegistry      : Registered instance id localhost:weather:5050 with status UP
2016-04-24 18:23:51.896  WARN 19961 --- [Eureka-PeerNodesUpdater] c.n.eureka.PeerAwareInstanceRegistry     : The replica size seems to be empty. Check the route 53 DNS Registry
2016-04-24 18:33:07.883  INFO 19961 --- [http-nio-8761-exec-9] c.n.eureka.resources.InstanceResource    : Found (Cancel): WEATHER - localhost:weather:5050
2016-04-24 18:33:51.918  INFO 19961 --- [ReplicaAwareInstanceRegistry - RenewalThresholdUpdater] c.n.eureka.PeerAwareInstanceRegistry     : Current renewal threshold is : 1
2016-04-24 18:33:51.923  WARN 19961 --- [Eureka-PeerNodesUpdater] c.n.eureka.PeerAwareInstanceRegistry     : The replica size seems to be empty. Check the route 53 DNS Registry
2016-04-24 18:34:28.664  WARN 19961 --- [http-nio-8761-exec-2] com.netflix.eureka.InstanceRegistry      : DS: Registry: lease doesn't exist, registering resource: WEATHER - localhost:weather:5050
2016-04-24 18:34:28.665  WARN 19961 --- [http-nio-8761-exec-2] c.n.eureka.resources.InstanceResource    : Not Found (Renew): WEATHER - localhost:weather:5050
2016-04-24 18:34:28.751  INFO 19961 --- [http-nio-8761-exec-7] com.netflix.eureka.InstanceRegistry      : Registered instance id localhost:weather:5050 with status UP
2016-04-24 18:34:38.629  INFO 19961 --- [http-nio-8761-exec-5] com.netflix.eureka.InstanceRegistry      : Registered instance id localhost:weather:5050 with status UP
2016-04-24 18:34:58.766  WARN 19961 --- [http-nio-8761-exec-4] c.n.eureka.resources.InstanceResource    : Time to sync, since the last dirty timestamp differs - ReplicationInstance id : localhost:weather:5050,Registry : 1461548038635 Incoming: 1461548078634 Replication: false
2016-04-24 18:34:58.789  INFO 19961 --- [http-nio-8761-exec-3] com.netflix.eureka.InstanceRegistry      : Registered instance id localhost:weather:5050 with status UP
2016-04-24 18:43:51.949  WARN 19961 --- [Eureka-PeerNodesUpdater] c.n.eureka.PeerAwareInstanceRegistry     : The replica size seems to be empty. Check the route 53 DNS Registry
2016-04-24 18:48:51.962  INFO 19961 --- [ReplicaAwareInstanceRegistry - RenewalThresholdUpdater] c.n.eureka.PeerAwareInstanceRegistry     : Current renewal threshold is : 3
2016-04-24 18:53:51.975  WARN 19961 --- [Eureka-PeerNodesUpdater] c.n.eureka.PeerAwareInstanceRegistry     : The replica size seems to be empty. Check the route 53 DNS Registry
2016-04-24 19:03:52.001  WARN 19961 --- [Eureka-PeerNodesUpdater] c.n.eureka.PeerAwareInstanceRegistry     : The replica size seems to be empty. Check the route 53 DNS Registry
2016-04-24 19:03:51.997  INFO 19961 --- [ReplicaAwareInstanceRegistry - RenewalThresholdUpdater] c.n.eureka.PeerAwareInstanceRegistry     : Current renewal threshold is : 3
2016-04-24 19:06:47.101  INFO 19961 --- [http-nio-8761-exec-3] c.n.eureka.resources.InstanceResource    : Found (Cancel): WEATHER - localhost:weather:5050
2016-04-24 19:08:03.909  WARN 19961 --- [http-nio-8761-exec-9] com.netflix.eureka.InstanceRegistry      : DS: Registry: lease doesn't exist, registering resource: WEATHER - localhost:weather:5050
2016-04-24 19:08:03.910  WARN 19961 --- [http-nio-8761-exec-9] c.n.eureka.resources.InstanceResource    : Not Found (Renew): WEATHER - localhost:weather:5050
2016-04-24 19:08:03.990  INFO 19961 --- [http-nio-8761-exec-7] com.netflix.eureka.InstanceRegistry      : Registered instance id localhost:weather:5050 with status UP
2016-04-24 19:08:13.934  INFO 19961 --- [http-nio-8761-exec-5] com.netflix.eureka.InstanceRegistry      : Registered instance id localhost:weather:5050 with status UP
2016-04-24 19:08:34.007  WARN 19961 --- [http-nio-8761-exec-8] c.n.eureka.resources.InstanceResource    : Time to sync, since the last dirty timestamp differs - ReplicationInstance id : localhost:weather:5050,Registry : 1461550053894 Incoming: 1461550093947 Replication: false
2016-04-24 19:08:34.029  INFO 19961 --- [http-nio-8761-exec-3] com.netflix.eureka.InstanceRegistry      : Registered instance id localhost:weather:5050 with status UP
2016-04-24 19:11:09.167  INFO 19961 --- [http-nio-8761-exec-4] c.n.eureka.resources.InstanceResource    : Found (Cancel): WEATHER - localhost:weather:5050
2016-04-24 19:12:31.683  WARN 19961 --- [http-nio-8761-exec-7] com.netflix.eureka.InstanceRegistry      : DS: Registry: lease doesn't exist, registering resource: WEATHER - localhost:weather:5050
2016-04-24 19:12:31.685  WARN 19961 --- [http-nio-8761-exec-7] c.n.eureka.resources.InstanceResource    : Not Found (Renew): WEATHER - localhost:weather:5050
2016-04-24 19:12:31.717  INFO 19961 --- [http-nio-8761-exec-5] com.netflix.eureka.InstanceRegistry      : Registered instance id localhost:weather:5050 with status UP
2016-04-24 19:12:41.667  INFO 19961 --- [http-nio-8761-exec-1] com.netflix.eureka.InstanceRegistry      : Registered instance id localhost:weather:5050 with status UP
2016-04-24 19:13:01.732  WARN 19961 --- [http-nio-8761-exec-3] c.n.eureka.resources.InstanceResource    : Time to sync, since the last dirty timestamp differs - ReplicationInstance id : localhost:weather:5050,Registry : 1461550321663 Incoming: 1461550361673 Replication: false
2016-04-24 19:13:01.746  INFO 19961 --- [http-nio-8761-exec-10] com.netflix.eureka.InstanceRegistry      : Registered instance id localhost:weather:5050 with status UP
2016-04-24 19:13:27.710  INFO 19961 --- [http-nio-8761-exec-4] c.n.eureka.resources.InstanceResource    : Found (Cancel): WEATHER - localhost:weather:5050
2016-04-24 19:13:52.027  WARN 19961 --- [Eureka-PeerNodesUpdater] c.n.eureka.PeerAwareInstanceRegistry     : The replica size seems to be empty. Check the route 53 DNS Registry
2016-04-24 19:14:44.881  WARN 19961 --- [http-nio-8761-exec-5] com.netflix.eureka.InstanceRegistry      : DS: Registry: lease doesn't exist, registering resource: WEATHER - localhost:weather:5050
2016-04-24 19:14:44.882  WARN 19961 --- [http-nio-8761-exec-5] c.n.eureka.resources.InstanceResource    : Not Found (Renew): WEATHER - localhost:weather:5050
2016-04-24 19:14:44.971  INFO 19961 --- [http-nio-8761-exec-1] com.netflix.eureka.InstanceRegistry      : Registered instance id localhost:weather:5050 with status UP
2016-04-24 19:14:54.788  INFO 19961 --- [http-nio-8761-exec-8] com.netflix.eureka.InstanceRegistry      : Registered instance id localhost:weather:5050 with status UP
2016-04-24 19:15:14.983  WARN 19961 --- [http-nio-8761-exec-10] c.n.eureka.resources.InstanceResource    : Time to sync, since the last dirty timestamp differs - ReplicationInstance id : localhost:weather:5050,Registry : 1461550454807 Incoming: 1461550494791 Replication: false
2016-04-24 19:15:15.000  INFO 19961 --- [http-nio-8761-exec-4] com.netflix.eureka.InstanceRegistry      : Registered instance id localhost:weather:5050 with status UP
2016-04-24 19:16:21.011  INFO 19961 --- [http-nio-8761-exec-1] c.n.eureka.resources.InstanceResource    : Found (Cancel): WEATHER - localhost:weather:5050
2016-04-24 19:17:34.418  WARN 19961 --- [http-nio-8761-exec-4] com.netflix.eureka.InstanceRegistry      : DS: Registry: lease doesn't exist, registering resource: WEATHER - localhost:weather:5050
2016-04-24 19:17:34.419  WARN 19961 --- [http-nio-8761-exec-4] c.n.eureka.resources.InstanceResource    : Not Found (Renew): WEATHER - localhost:weather:5050
2016-04-24 19:17:34.526  INFO 19961 --- [http-nio-8761-exec-2] com.netflix.eureka.InstanceRegistry      : Registered instance id localhost:weather:5050 with status UP
2016-04-24 19:17:44.412  INFO 19961 --- [http-nio-8761-exec-6] com.netflix.eureka.InstanceRegistry      : Registered instance id localhost:weather:5050 with status UP
2016-04-24 19:18:04.537  WARN 19961 --- [http-nio-8761-exec-7] c.n.eureka.resources.InstanceResource    : Time to sync, since the last dirty timestamp differs - ReplicationInstance id : localhost:weather:5050,Registry : 1461550624424 Incoming: 1461550664417 Replication: false
2016-04-24 19:18:04.545  INFO 19961 --- [http-nio-8761-exec-5] com.netflix.eureka.InstanceRegistry      : Registered instance id localhost:weather:5050 with status UP
2016-04-24 19:18:12.459  INFO 19961 --- [http-nio-8761-exec-1] c.n.eureka.resources.InstanceResource    : Found (Cancel): WEATHER - localhost:weather:5050
2016-04-24 19:18:52.034  INFO 19961 --- [ReplicaAwareInstanceRegistry - RenewalThresholdUpdater] c.n.eureka.PeerAwareInstanceRegistry     : Current renewal threshold is : 1
2016-04-24 19:19:31.012  WARN 19961 --- [http-nio-8761-exec-2] com.netflix.eureka.InstanceRegistry      : DS: Registry: lease doesn't exist, registering resource: WEATHER - localhost:weather:5050
2016-04-24 19:19:31.014  WARN 19961 --- [http-nio-8761-exec-2] c.n.eureka.resources.InstanceResource    : Not Found (Renew): WEATHER - localhost:weather:5050
2016-04-24 19:19:31.065  INFO 19961 --- [http-nio-8761-exec-6] com.netflix.eureka.InstanceRegistry      : Registered instance id localhost:weather:5050 with status UP
2016-04-24 19:19:41.013  INFO 19961 --- [http-nio-8761-exec-9] com.netflix.eureka.InstanceRegistry      : Registered instance id localhost:weather:5050 with status UP
2016-04-24 19:20:01.079  WARN 19961 --- [http-nio-8761-exec-5] c.n.eureka.resources.InstanceResource    : Time to sync, since the last dirty timestamp differs - ReplicationInstance id : localhost:weather:5050,Registry : 1461550741002 Incoming: 1461550781017 Replication: false
2016-04-24 19:20:01.096  INFO 19961 --- [http-nio-8761-exec-1] com.netflix.eureka.InstanceRegistry      : Registered instance id localhost:weather:5050 with status UP
2016-04-24 19:23:52.051  WARN 19961 --- [Eureka-PeerNodesUpdater] c.n.eureka.PeerAwareInstanceRegistry     : The replica size seems to be empty. Check the route 53 DNS Registry
2016-04-24 19:33:52.071  INFO 19961 --- [ReplicaAwareInstanceRegistry - RenewalThresholdUpdater] c.n.eureka.PeerAwareInstanceRegistry     : Current renewal threshold is : 3
2016-04-24 19:33:52.078  WARN 19961 --- [Eureka-PeerNodesUpdater] c.n.eureka.PeerAwareInstanceRegistry     : The replica size seems to be empty. Check the route 53 DNS Registry
2016-04-24 19:43:52.105  WARN 19961 --- [Eureka-PeerNodesUpdater] c.n.eureka.PeerAwareInstanceRegistry     : The replica size seems to be empty. Check the route 53 DNS Registry
2016-04-24 19:48:52.111  INFO 19961 --- [ReplicaAwareInstanceRegistry - RenewalThresholdUpdater] c.n.eureka.PeerAwareInstanceRegistry     : Current renewal threshold is : 3
2016-04-24 19:53:52.132  WARN 19961 --- [Eureka-PeerNodesUpdater] c.n.eureka.PeerAwareInstanceRegistry     : The replica size seems to be empty. Check the route 53 DNS Registry
2016-04-24 20:01:17.698  INFO 19961 --- [http-nio-8761-exec-6] c.n.eureka.resources.InstanceResource    : Found (Cancel): WEATHER - localhost:weather:5050
2016-04-24 20:02:41.683  WARN 19961 --- [http-nio-8761-exec-1] com.netflix.eureka.InstanceRegistry      : DS: Registry: cancel failed because Lease is not registered for: WEATHER:localhost:weather:5050
2016-04-24 20:02:41.686  INFO 19961 --- [http-nio-8761-exec-1] c.n.eureka.resources.InstanceResource    : Not Found (Cancel): WEATHER - localhost:weather:5050
2016-04-24 20:03:40.811  WARN 19961 --- [http-nio-8761-exec-4] com.netflix.eureka.InstanceRegistry      : DS: Registry: cancel failed because Lease is not registered for: WEATHER:localhost:weather:5050
2016-04-24 20:03:40.813  INFO 19961 --- [http-nio-8761-exec-4] c.n.eureka.resources.InstanceResource    : Not Found (Cancel): WEATHER - localhost:weather:5050
2016-04-24 20:03:52.146  INFO 19961 --- [ReplicaAwareInstanceRegistry - RenewalThresholdUpdater] c.n.eureka.PeerAwareInstanceRegistry     : Current renewal threshold is : 1
2016-04-24 20:03:52.159  WARN 19961 --- [Eureka-PeerNodesUpdater] c.n.eureka.PeerAwareInstanceRegistry     : The replica size seems to be empty. Check the route 53 DNS Registry
2016-04-24 20:04:28.314  WARN 19961 --- [http-nio-8761-exec-6] com.netflix.eureka.InstanceRegistry      : DS: Registry: lease doesn't exist, registering resource: WEATHER - localhost:weather:5050
2016-04-24 20:04:28.316  WARN 19961 --- [http-nio-8761-exec-6] c.n.eureka.resources.InstanceResource    : Not Found (Renew): WEATHER - localhost:weather:5050
2016-04-24 20:04:28.340  INFO 19961 --- [http-nio-8761-exec-7] com.netflix.eureka.InstanceRegistry      : Registered instance id localhost:weather:5050 with status UP
2016-04-24 20:04:38.312  INFO 19961 --- [http-nio-8761-exec-1] com.netflix.eureka.InstanceRegistry      : Registered instance id localhost:weather:5050 with status UP
2016-04-24 20:04:58.350  WARN 19961 --- [http-nio-8761-exec-3] c.n.eureka.resources.InstanceResource    : Time to sync, since the last dirty timestamp differs - ReplicationInstance id : localhost:weather:5050,Registry : 1461553438306 Incoming: 1461553478316 Replication: false
2016-04-24 20:04:58.363  INFO 19961 --- [http-nio-8761-exec-10] com.netflix.eureka.InstanceRegistry      : Registered instance id localhost:weather:5050 with status UP
2016-04-24 20:06:27.263  INFO 19961 --- [http-nio-8761-exec-7] c.n.eureka.resources.InstanceResource    : Found (Cancel): WEATHER - localhost:weather:5050
2016-04-24 20:07:13.578  WARN 19961 --- [http-nio-8761-exec-3] com.netflix.eureka.InstanceRegistry      : DS: Registry: lease doesn't exist, registering resource: WEATHER - localhost:weather:5050
2016-04-24 20:07:13.579  WARN 19961 --- [http-nio-8761-exec-3] c.n.eureka.resources.InstanceResource    : Not Found (Renew): WEATHER - localhost:weather:5050
2016-04-24 20:07:13.598  INFO 19961 --- [http-nio-8761-exec-4] com.netflix.eureka.InstanceRegistry      : Registered instance id localhost:weather:5050 with status UP
2016-04-24 20:07:23.579  INFO 19961 --- [http-nio-8761-exec-9] com.netflix.eureka.InstanceRegistry      : Registered instance id localhost:weather:5050 with status UP
2016-04-24 20:07:43.606  WARN 19961 --- [http-nio-8761-exec-5] c.n.eureka.resources.InstanceResource    : Time to sync, since the last dirty timestamp differs - ReplicationInstance id : localhost:weather:5050,Registry : 1461553603582 Incoming: 1461553643580 Replication: false
2016-04-24 20:07:43.615  INFO 19961 --- [http-nio-8761-exec-6] com.netflix.eureka.InstanceRegistry      : Registered instance id localhost:weather:5050 with status UP
2016-04-24 20:10:49.957  INFO 19961 --- [http-nio-8761-exec-10] c.n.eureka.resources.InstanceResource    : Found (Cancel): WEATHER - localhost:weather:5050
2016-04-24 20:11:35.460  WARN 19961 --- [http-nio-8761-exec-5] com.netflix.eureka.InstanceRegistry      : DS: Registry: lease doesn't exist, registering resource: WEATHER - localhost:weather:5050
2016-04-24 20:11:35.462  WARN 19961 --- [http-nio-8761-exec-5] c.n.eureka.resources.InstanceResource    : Not Found (Renew): WEATHER - localhost:weather:5050
2016-04-24 20:11:35.498  INFO 19961 --- [http-nio-8761-exec-6] com.netflix.eureka.InstanceRegistry      : Registered instance id localhost:weather:5050 with status UP
2016-04-24 20:11:45.446  INFO 19961 --- [http-nio-8761-exec-7] com.netflix.eureka.InstanceRegistry      : Registered instance id localhost:weather:5050 with status UP
2016-04-24 20:12:05.511  WARN 19961 --- [http-nio-8761-exec-8] c.n.eureka.resources.InstanceResource    : Time to sync, since the last dirty timestamp differs - ReplicationInstance id : localhost:weather:5050,Registry : 1461553865444 Incoming: 1461553905448 Replication: false
2016-04-24 20:12:05.518  INFO 19961 --- [http-nio-8761-exec-10] com.netflix.eureka.InstanceRegistry      : Registered instance id localhost:weather:5050 with status UP
2016-04-24 20:13:52.184  WARN 19961 --- [Eureka-PeerNodesUpdater] c.n.eureka.PeerAwareInstanceRegistry     : The replica size seems to be empty. Check the route 53 DNS Registry
2016-04-24 20:18:52.183  INFO 19961 --- [ReplicaAwareInstanceRegistry - RenewalThresholdUpdater] c.n.eureka.PeerAwareInstanceRegistry     : Current renewal threshold is : 3
2016-04-24 20:23:52.211  WARN 19961 --- [Eureka-PeerNodesUpdater] c.n.eureka.PeerAwareInstanceRegistry     : The replica size seems to be empty. Check the route 53 DNS Registry
2016-04-24 20:25:21.619  WARN 19961 --- [http-nio-8761-exec-6] com.netflix.eureka.InstanceRegistry      : DS: Registry: lease doesn't exist, registering resource: ZIPCODE - localhost:zipcode:6060
2016-04-24 20:25:21.620  WARN 19961 --- [http-nio-8761-exec-6] c.n.eureka.resources.InstanceResource    : Not Found (Renew): ZIPCODE - localhost:zipcode:6060
2016-04-24 20:25:21.648  INFO 19961 --- [http-nio-8761-exec-7] com.netflix.eureka.InstanceRegistry      : Registered instance id localhost:zipcode:6060 with status UP
2016-04-24 20:25:31.620  INFO 19961 --- [http-nio-8761-exec-1] com.netflix.eureka.InstanceRegistry      : Registered instance id localhost:zipcode:6060 with status UP
2016-04-24 20:25:51.655  WARN 19961 --- [http-nio-8761-exec-7] c.n.eureka.resources.InstanceResource    : Time to sync, since the last dirty timestamp differs - ReplicationInstance id : localhost:zipcode:6060,Registry : 1461554691626 Incoming: 1461554731621 Replication: false
2016-04-24 20:25:51.663  INFO 19961 --- [http-nio-8761-exec-6] com.netflix.eureka.InstanceRegistry      : Registered instance id localhost:zipcode:6060 with status UP
2016-04-24 20:29:54.925  INFO 19961 --- [http-nio-8761-exec-9] c.n.eureka.resources.InstanceResource    : Found (Cancel): ZIPCODE - localhost:zipcode:6060
2016-04-24 20:30:39.704  WARN 19961 --- [http-nio-8761-exec-4] com.netflix.eureka.InstanceRegistry      : DS: Registry: lease doesn't exist, registering resource: ZIPCODE - localhost:zipcode:6060
2016-04-24 20:30:39.705  WARN 19961 --- [http-nio-8761-exec-4] c.n.eureka.resources.InstanceResource    : Not Found (Renew): ZIPCODE - localhost:zipcode:6060
2016-04-24 20:30:39.730  INFO 19961 --- [http-nio-8761-exec-1] com.netflix.eureka.InstanceRegistry      : Registered instance id localhost:zipcode:6060 with status UP
2016-04-24 20:30:49.695  INFO 19961 --- [http-nio-8761-exec-9] com.netflix.eureka.InstanceRegistry      : Registered instance id localhost:zipcode:6060 with status UP
2016-04-24 20:30:50.469  INFO 19961 --- [http-nio-8761-exec-2] c.n.eureka.resources.InstanceResource    : Found (Cancel): WEATHER - localhost:weather:5050
2016-04-24 20:31:09.745  WARN 19961 --- [http-nio-8761-exec-7] c.n.eureka.resources.InstanceResource    : Time to sync, since the last dirty timestamp differs - ReplicationInstance id : localhost:zipcode:6060,Registry : 1461555009693 Incoming: 1461555049697 Replication: false
2016-04-24 20:31:09.757  INFO 19961 --- [http-nio-8761-exec-6] com.netflix.eureka.InstanceRegistry      : Registered instance id localhost:zipcode:6060 with status UP
2016-04-24 20:31:37.935  WARN 19961 --- [http-nio-8761-exec-4] com.netflix.eureka.InstanceRegistry      : DS: Registry: lease doesn't exist, registering resource: WEATHER - localhost:weather:5050
2016-04-24 20:31:37.937  WARN 19961 --- [http-nio-8761-exec-4] c.n.eureka.resources.InstanceResource    : Not Found (Renew): WEATHER - localhost:weather:5050
2016-04-24 20:31:37.959  INFO 19961 --- [http-nio-8761-exec-1] com.netflix.eureka.InstanceRegistry      : Registered instance id localhost:weather:5050 with status UP
2016-04-24 20:31:47.929  INFO 19961 --- [http-nio-8761-exec-10] com.netflix.eureka.InstanceRegistry      : Registered instance id localhost:weather:5050 with status UP
2016-04-24 20:32:07.970  WARN 19961 --- [http-nio-8761-exec-5] c.n.eureka.resources.InstanceResource    : Time to sync, since the last dirty timestamp differs - ReplicationInstance id : localhost:weather:5050,Registry : 1461555067924 Incoming: 1461555107930 Replication: false
2016-04-24 20:32:07.979  INFO 19961 --- [http-nio-8761-exec-7] com.netflix.eureka.InstanceRegistry      : Registered instance id localhost:weather:5050 with status UP
2016-04-24 20:33:52.220  INFO 19961 --- [ReplicaAwareInstanceRegistry - RenewalThresholdUpdater] c.n.eureka.PeerAwareInstanceRegistry     : Current renewal threshold is : 5
2016-04-24 20:33:52.237  WARN 19961 --- [Eureka-PeerNodesUpdater] c.n.eureka.PeerAwareInstanceRegistry     : The replica size seems to be empty. Check the route 53 DNS Registry
2016-04-24 20:42:56.069  WARN 19961 --- [http-nio-8761-exec-3] com.netflix.eureka.InstanceRegistry      : DS: Registry: lease doesn't exist, registering resource: NEWS - localhost:news:7070
2016-04-24 20:42:56.071  WARN 19961 --- [http-nio-8761-exec-3] c.n.eureka.resources.InstanceResource    : Not Found (Renew): NEWS - localhost:news:7070
2016-04-24 20:42:56.097  INFO 19961 --- [http-nio-8761-exec-5] com.netflix.eureka.InstanceRegistry      : Registered instance id localhost:news:7070 with status UP
2016-04-24 20:43:06.070  INFO 19961 --- [http-nio-8761-exec-4] com.netflix.eureka.InstanceRegistry      : Registered instance id localhost:news:7070 with status UP
2016-04-24 20:43:26.102  WARN 19961 --- [http-nio-8761-exec-2] c.n.eureka.resources.InstanceResource    : Time to sync, since the last dirty timestamp differs - ReplicationInstance id : localhost:news:7070,Registry : 1461555746068 Incoming: 1461555786072 Replication: false
2016-04-24 20:43:26.109  INFO 19961 --- [http-nio-8761-exec-3] com.netflix.eureka.InstanceRegistry      : Registered instance id localhost:news:7070 with status UP
2016-04-24 20:43:52.263  WARN 19961 --- [Eureka-PeerNodesUpdater] c.n.eureka.PeerAwareInstanceRegistry     : The replica size seems to be empty. Check the route 53 DNS Registry
2016-04-24 20:44:27.304  INFO 19961 --- [http-nio-8761-exec-4] c.n.eureka.resources.InstanceResource    : Found (Cancel): NEWS - localhost:news:7070
2016-04-24 20:45:13.376  WARN 19961 --- [http-nio-8761-exec-9] com.netflix.eureka.InstanceRegistry      : DS: Registry: lease doesn't exist, registering resource: NEWS - localhost:news:4040
2016-04-24 20:45:13.377  WARN 19961 --- [http-nio-8761-exec-9] c.n.eureka.resources.InstanceResource    : Not Found (Renew): NEWS - localhost:news:4040
2016-04-24 20:45:13.401  INFO 19961 --- [http-nio-8761-exec-7] com.netflix.eureka.InstanceRegistry      : Registered instance id localhost:news:4040 with status UP
2016-04-24 20:45:23.372  INFO 19961 --- [http-nio-8761-exec-1] com.netflix.eureka.InstanceRegistry      : Registered instance id localhost:news:4040 with status UP
2016-04-24 20:45:43.408  WARN 19961 --- [http-nio-8761-exec-5] c.n.eureka.resources.InstanceResource    : Time to sync, since the last dirty timestamp differs - ReplicationInstance id : localhost:news:4040,Registry : 1461555883366 Incoming: 1461555923374 Replication: false
2016-04-24 20:45:43.417  INFO 19961 --- [http-nio-8761-exec-6] com.netflix.eureka.InstanceRegistry      : Registered instance id localhost:news:4040 with status UP
2016-04-24 20:48:52.255  INFO 19961 --- [ReplicaAwareInstanceRegistry - RenewalThresholdUpdater] c.n.eureka.PeerAwareInstanceRegistry     : Current renewal threshold is : 6
2016-04-24 20:51:38.535  INFO 19961 --- [http-nio-8761-exec-3] c.n.eureka.resources.InstanceResource    : Found (Cancel): NEWS - localhost:news:4040
2016-04-24 20:52:26.635  WARN 19961 --- [http-nio-8761-exec-2] com.netflix.eureka.InstanceRegistry      : DS: Registry: lease doesn't exist, registering resource: NEWS - localhost:news:4040
2016-04-24 20:52:26.635  WARN 19961 --- [http-nio-8761-exec-2] c.n.eureka.resources.InstanceResource    : Not Found (Renew): NEWS - localhost:news:4040
2016-04-24 20:52:26.667  INFO 19961 --- [http-nio-8761-exec-4] com.netflix.eureka.InstanceRegistry      : Registered instance id localhost:news:4040 with status UP
2016-04-24 20:52:36.619  INFO 19961 --- [http-nio-8761-exec-3] com.netflix.eureka.InstanceRegistry      : Registered instance id localhost:news:4040 with status UP
2016-04-24 20:52:56.699  WARN 19961 --- [http-nio-8761-exec-7] c.n.eureka.resources.InstanceResource    : Time to sync, since the last dirty timestamp differs - ReplicationInstance id : localhost:news:4040,Registry : 1461556316617 Incoming: 1461556356621 Replication: false
2016-04-24 20:52:56.717  INFO 19961 --- [http-nio-8761-exec-3] com.netflix.eureka.InstanceRegistry      : Registered instance id localhost:news:4040 with status UP
2016-04-24 20:53:52.288  WARN 19961 --- [Eureka-PeerNodesUpdater] c.n.eureka.PeerAwareInstanceRegistry     : The replica size seems to be empty. Check the route 53 DNS Registry
2016-04-24 20:57:59.396  WARN 19961 --- [http-nio-8761-exec-4] com.netflix.eureka.InstanceRegistry      : DS: Registry: lease doesn't exist, registering resource: NEWS - localhost:news:4041
2016-04-24 20:57:59.397  WARN 19961 --- [http-nio-8761-exec-4] c.n.eureka.resources.InstanceResource    : Not Found (Renew): NEWS - localhost:news:4041
2016-04-24 20:57:59.444  INFO 19961 --- [http-nio-8761-exec-2] com.netflix.eureka.InstanceRegistry      : Registered instance id localhost:news:4041 with status UP
2016-04-24 20:58:09.392  INFO 19961 --- [http-nio-8761-exec-3] com.netflix.eureka.InstanceRegistry      : Registered instance id localhost:news:4041 with status UP
2016-04-24 20:58:21.561  INFO 19961 --- [http-nio-8761-exec-5] c.n.eureka.resources.InstanceResource    : Found (Cancel): WEATHER - localhost:weather:5050
2016-04-24 20:58:23.700  INFO 19961 --- [Thread-1] s.c.a.AnnotationConfigApplicationContext : Closing org.springframework.context.annotation.AnnotationConfigApplicationContext@4c40b76e: startup date [Sun Apr 24 18:03:19 PDT 2016]; root of context hierarchy
2016-04-24 20:58:23.718  INFO 19961 --- [Thread-1] ationConfigEmbeddedWebApplicationContext : Closing org.springframework.boot.context.embedded.AnnotationConfigEmbeddedWebApplicationContext@57c03d88: startup date [Sun Apr 24 18:03:25 PDT 2016]; parent: org.springframework.context.annotation.AnnotationConfigApplicationContext@4c40b76e
2016-04-24 20:58:23.728  INFO 19961 --- [Thread-1] o.s.c.support.DefaultLifecycleProcessor  : Stopping beans in phase 0
2016-04-24 20:58:23.732  INFO 19961 --- [Thread-1] c.n.e.EurekaDiscoveryClientConfiguration : Unregistering application bootstrap with eureka with status DOWN
2016-04-24 20:58:23.749  INFO 19961 --- [Thread-1] o.s.j.e.a.AnnotationMBeanExporter        : Unregistering JMX-exposed beans on shutdown
2016-04-24 20:58:23.750  INFO 19961 --- [Thread-1] o.s.j.e.a.AnnotationMBeanExporter        : Unregistering JMX-exposed beans
2016-04-24 20:58:23.752  INFO 19961 --- [Thread-1] o.s.c.n.servo.ServoMetricCollector       : Stopping Servo PollScheduler
2016-04-24 20:58:23.758  INFO 19961 --- [Thread-1] c.n.e.EurekaDiscoveryClientConfiguration : Closing DiscoveryClient.jerseyClient
2016-04-24 20:58:23.768  INFO 19961 --- [Thread-1] c.n.e.EurekaDiscoveryClientConfiguration : Removing application bootstrap from eureka
